<?xml version="1.0" encoding="UTF-8"?>
<!-- Generated by org.testng.reporters.JUnitXMLReporter -->
<testsuite ignored="0" hostname="LAPTOP-DJARKLO9" failures="0" tests="3" name="Default test" time="84.211" errors="0" timestamp="2024-09-02T13:30:38 IST">
  <testcase classname="com.comcast.crm.orgtest.CreateOrgTest" name="createOrgWithIndustry" time="31.875"/>
  <testcase classname="com.comcast.crm.orgtest.CreateOrgTest" name="createOrgWithOrgName" time="11.376"/>
  <testcase classname="com.comcast.crm.orgtest.CreateOrgTest" name="createOrgWithPhone" time="11.976"/>
</testsuite> <!-- Default test -->
