<?xml version="1.0" encoding="UTF-8"?>
<!-- Generated by org.testng.reporters.JUnitXMLReporter -->
<testsuite ignored="0" hostname="LAPTOP-DJARKLO9" failures="0" tests="3" name="ContactTest" time="95.608" errors="0" timestamp="2024-08-24T09:44:17 IST">
  <testcase classname="com.comcast.crm.contacttest.CreateContactTest" name="createContactWithName" time="29.401"/>
  <testcase classname="com.comcast.crm.contacttest.CreateContactTest" name="createContactWithOrganization" time="22.027"/>
  <testcase classname="com.comcast.crm.contacttest.CreateContactTest" name="createContactWithSuppDate" time="10.521"/>
</testsuite> <!-- ContactTest -->
