<?xml version="1.0" encoding="UTF-8"?>
<!-- Generated by org.testng.reporters.JUnitXMLReporter -->
<testsuite ignored="0" hostname="LAPTOP-DJARKLO9" failures="0" tests="3" name="OrgTest1" time="55.824" errors="0" timestamp="2024-08-24T09:45:02 IST">
  <testcase classname="com.comcast.crm.orgtest.CreateOrgTest" name="createOrgWithIndustry" time="12.883"/>
  <testcase classname="com.comcast.crm.orgtest.CreateOrgTest" name="createOrgWithOrgName" time="11.608"/>
  <testcase classname="com.comcast.crm.orgtest.CreateOrgTest" name="createOrgWithPhone" time="10.845"/>
</testsuite> <!-- OrgTest1 -->
