<?xml version="1.0" encoding="UTF-8"?>
<!-- Generated by org.testng.reporters.JUnitXMLReporter -->
<testsuite ignored="2" hostname="LAPTOP-DJARKLO9" failures="0" tests="6" name="TestRunner-Chrome" time="158.807" errors="0" timestamp="2024-08-22T14:53:18 IST">
  <testcase classname="com.comcast.crm.contacttest.CreateContactTest" name="createContactWithName" time="15.133"/>
  <testcase classname="com.comcast.crm.contacttest.CreateContactTest" name="createContactWithOrganization" time="25.665"/>
  <testcase classname="com.comcast.crm.contacttest.CreateContactTest" name="createContactWithSuppDate" time="14.465"/>
  <testcase classname="com.comcast.crm.orgtest.CreateOrgTest" name="createOrgWithIndustry" time="18.194"/>
  <testcase classname="com.comcast.crm.orgtest.CreateOrgTest" name="createOrgWithOrgName" time="15.523"/>
  <testcase classname="com.comcast.crm.orgtest.CreateOrgTest" name="createOrgWithPhone" time="15.579"/>
  <testcase classname="com.comcast.crm.genericutility.BaseClass" name="@BeforeSuite beforeSuite" time="0.0">
    <ignored/>
  </testcase> <!-- @BeforeSuite beforeSuite -->
  <testcase classname="com.comcast.crm.genericutility.BaseClass" name="@AfterSuite afterSuite" time="0.0">
    <ignored/>
  </testcase> <!-- @AfterSuite afterSuite -->
</testsuite> <!-- TestRunner-Chrome -->
