<?xml version="1.0" encoding="UTF-8"?>
<!-- Generated by org.testng.reporters.JUnitXMLReporter -->
<testsuite ignored="2" hostname="LAPTOP-DJARKLO9" failures="0" tests="6" name="TestRunner-Firefox" time="160.943" errors="0" timestamp="2024-08-22T14:53:20 IST">
  <testcase classname="com.comcast.crm.contacttest.CreateContactTest" name="createContactWithName" time="12.926"/>
  <testcase classname="com.comcast.crm.contacttest.CreateContactTest" name="createContactWithOrganization" time="25.757"/>
  <testcase classname="com.comcast.crm.contacttest.CreateContactTest" name="createContactWithSuppDate" time="14.583"/>
  <testcase classname="com.comcast.crm.orgtest.CreateOrgTest" name="createOrgWithIndustry" time="13.512"/>
  <testcase classname="com.comcast.crm.orgtest.CreateOrgTest" name="createOrgWithOrgName" time="16.183"/>
  <testcase classname="com.comcast.crm.orgtest.CreateOrgTest" name="createOrgWithPhone" time="14.965"/>
  <testcase classname="com.comcast.crm.genericutility.BaseClass" name="@AfterSuite afterSuite" time="0.0">
    <ignored/>
  </testcase> <!-- @AfterSuite afterSuite -->
  <testcase classname="com.comcast.crm.genericutility.BaseClass" name="@BeforeSuite beforeSuite" time="0.0">
    <ignored/>
  </testcase> <!-- @BeforeSuite beforeSuite -->
</testsuite> <!-- TestRunner-Firefox -->
