<?xml version="1.0" encoding="UTF-8"?>
<!-- Generated by org.testng.reporters.JUnitXMLReporter -->
<testsuite ignored="2" hostname="LAPTOP-DJARKLO9" failures="0" tests="1" name="Test" time="23.588" errors="0" timestamp="2024-09-05T11:11:38 IST">
  <testcase classname="com.comcast.crm.orgtest.CreateOrgTest" name="createOrgWithOrgName" time="16.133"/>
  <testcase classname="com.comcast.crm.orgtest.CreateOrgTest" name="createOrgWithPhone" time="0.0">
    <ignored/>
  </testcase> <!-- createOrgWithPhone -->
  <testcase classname="com.comcast.crm.orgtest.CreateOrgTest" name="createOrgWithIndustry" time="0.0">
    <ignored/>
  </testcase> <!-- createOrgWithIndustry -->
</testsuite> <!-- Test -->
