<?xml version="1.0" encoding="UTF-8"?>
<testng-results ignored="2" total="3" passed="1" failed="0" skipped="0">
  <reporter-output>
    <line>
      <![CDATA[ Report config ]]>
    </line>
    <line>
      <![CDATA[=== Connect to DB and Report Config ===]]>
    </line>
    <line>
      <![CDATA[=== Open Browser ===]]>
    </line>
    <line>
      <![CDATA[= login =]]>
    </line>
    <line>
      <![CDATA[= logout =]]>
    </line>
    <line>
      <![CDATA[=== Close Browser ===]]>
    </line>
    <line>
      <![CDATA[=== Close DB Connection and Report BackUp ===]]>
    </line>
  </reporter-output>
  <suite started-at="2024-09-05T11:11:14 IST" name="Suite" finished-at="2024-09-05T11:11:38 IST" duration-ms="23588">
    <groups>
      <group name="regressionTest">
        <method signature="CreateOrgTest.createOrgWithOrgName()[pri:0, instance:com.comcast.crm.orgtest.CreateOrgTest@6973bf95]" name="createOrgWithOrgName" class="com.comcast.crm.orgtest.CreateOrgTest"/>
      </group> <!-- regressionTest -->
      <group name="smokeTest">
        <method signature="CreateOrgTest.createOrgWithOrgName()[pri:0, instance:com.comcast.crm.orgtest.CreateOrgTest@6973bf95]" name="createOrgWithOrgName" class="com.comcast.crm.orgtest.CreateOrgTest"/>
      </group> <!-- smokeTest -->
    </groups>
    <test started-at="2024-09-05T11:11:14 IST" name="Test" finished-at="2024-09-05T11:11:38 IST" duration-ms="23588">
      <class name="com.comcast.crm.orgtest.CreateOrgTest">
        <test-method is-config="true" signature="beforeSuite()[pri:0, instance:com.comcast.crm.orgtest.CreateOrgTest@6973bf95]" started-at="2024-09-05T11:11:14 IST" name="beforeSuite" finished-at="2024-09-05T11:11:14 IST" duration-ms="51" status="PASS">
          <reporter-output>
            <line>
              <![CDATA[=== Connect to DB and Report Config ===]]>
            </line>
          </reporter-output>
        </test-method> <!-- beforeSuite -->
        <test-method is-config="true" signature="beforeClass()[pri:0, instance:com.comcast.crm.orgtest.CreateOrgTest@6973bf95]" started-at="2024-09-05T11:11:14 IST" name="beforeClass" finished-at="2024-09-05T11:11:17 IST" duration-ms="2912" status="PASS">
          <reporter-output>
            <line>
              <![CDATA[=== Open Browser ===]]>
            </line>
          </reporter-output>
        </test-method> <!-- beforeClass -->
        <test-method is-config="true" signature="beforeMethod()[pri:0, instance:com.comcast.crm.orgtest.CreateOrgTest@6973bf95]" started-at="2024-09-05T11:11:17 IST" name="beforeMethod" finished-at="2024-09-05T11:11:20 IST" duration-ms="2583" status="PASS">
          <reporter-output>
            <line>
              <![CDATA[= login =]]>
            </line>
          </reporter-output>
        </test-method> <!-- beforeMethod -->
        <test-method signature="createOrgWithOrgName()[pri:0, instance:com.comcast.crm.orgtest.CreateOrgTest@6973bf95]" started-at="2024-09-05T11:11:20 IST" name="createOrgWithOrgName" finished-at="2024-09-05T11:11:36 IST" duration-ms="16133" status="PASS">
          <reporter-output>
          </reporter-output>
        </test-method> <!-- createOrgWithOrgName -->
        <test-method is-config="true" signature="afterMethod()[pri:0, instance:com.comcast.crm.orgtest.CreateOrgTest@6973bf95]" started-at="2024-09-05T11:11:36 IST" name="afterMethod" finished-at="2024-09-05T11:11:37 IST" duration-ms="1351" status="PASS">
          <reporter-output>
            <line>
              <![CDATA[= logout =]]>
            </line>
          </reporter-output>
        </test-method> <!-- afterMethod -->
        <test-method is-config="true" signature="afterClass()[pri:0, instance:com.comcast.crm.orgtest.CreateOrgTest@6973bf95]" started-at="2024-09-05T11:11:37 IST" name="afterClass" finished-at="2024-09-05T11:11:38 IST" duration-ms="574" status="PASS">
          <reporter-output>
            <line>
              <![CDATA[=== Close Browser ===]]>
            </line>
          </reporter-output>
        </test-method> <!-- afterClass -->
        <test-method is-config="true" signature="afterSuite()[pri:0, instance:com.comcast.crm.orgtest.CreateOrgTest@6973bf95]" started-at="2024-09-05T11:11:38 IST" name="afterSuite" finished-at="2024-09-05T11:11:38 IST" duration-ms="1" status="PASS">
          <reporter-output>
            <line>
              <![CDATA[=== Close DB Connection and Report BackUp ===]]>
            </line>
          </reporter-output>
        </test-method> <!-- afterSuite -->
      </class> <!-- com.comcast.crm.orgtest.CreateOrgTest -->
    </test> <!-- Test -->
  </suite> <!-- Suite -->
</testng-results>
